<?xml version="1.0" encoding="UTF-8"?>
<!-- Generated by org.testng.reporters.JUnitXMLReporter -->
<testsuite hostname="LAPTOP-K8E9T8P4" name="myReport" tests="10" failures="0" timestamp="8 Sep 2022 08:07:06 GMT" time="90.793" errors="0">
  <testcase name="cbanking" time="5.397" classname="sep6.FirstTestNGclass"/>
  <testcase name="ibanking" time="5.583" classname="sep6.FirstTestNGclass"/>
  <testcase name="pbanking" time="5.971" classname="sep6.FirstTestNGclass"/>
  <testcase name="addition" time="12.713" classname="sep_7.SecondTestNGClass"/>
  <testcase name="division" time="4.737" classname="sep_7.SecondTestNGClass"/>
  <testcase name="mutiplication" time="3.623" classname="sep_7.SecondTestNGClass"/>
  <testcase name="Branch" time="6.034" classname="primusbank.ThriedTestNGclass"/>
  <testcase name="Employees" time="5.67" classname="primusbank.ThriedTestNGclass"/>
  <testcase name="Role" time="5.645" classname="primusbank.ThriedTestNGclass"/>
  <testcase name="users" time="5.724" classname="primusbank.ThriedTestNGclass"/>
</testsuite> <!-- myReport -->
