<?xml version="1.0" encoding="UTF-8"?>
<!-- Generated by org.testng.reporters.JUnitXMLReporter -->
<testsuite hostname="LAPTOP-K8E9T8P4" name="EswarTestNG" tests="3" failures="0" timestamp="8 Sep 2022 08:56:19 GMT" time="43.05" errors="0">
  <testcase name="addition" time="12.665" classname="sep_7.SecondTestNGClass"/>
  <testcase name="division" time="4.691" classname="sep_7.SecondTestNGClass"/>
  <testcase name="mutiplication" time="3.708" classname="sep_7.SecondTestNGClass"/>
</testsuite> <!-- EswarTestNG -->
