<?xml version="1.0" encoding="UTF-8"?>
<!-- Generated by org.testng.reporters.JUnitXMLReporter -->
<testsuite hostname="LAPTOP-K8E9T8P4" name="EswarTestNG2" tests="4" failures="0" timestamp="8 Sep 2022 08:57:07 GMT" time="23.875" errors="0">
  <testcase name="Branch" time="6.216" classname="primusbank.ThriedTestNGclass"/>
  <testcase name="Employees" time="5.823" classname="primusbank.ThriedTestNGclass"/>
  <testcase name="Role" time="5.702" classname="primusbank.ThriedTestNGclass"/>
  <testcase name="users" time="6.126" classname="primusbank.ThriedTestNGclass"/>
</testsuite> <!-- EswarTestNG2 -->
