<?xml version="1.0" encoding="UTF-8"?>
<!-- Generated by org.testng.reporters.JUnitXMLReporter -->
<testsuite hostname="LAPTOP-K8E9T8P4" name="EswarTestNG1" tests="3" failures="0" timestamp="8 Sep 2022 08:56:43 GMT" time="24.711" errors="0">
  <testcase name="cbanking" time="5.513" classname="sep6.FirstTestNGclass"/>
  <testcase name="ibanking" time="5.272" classname="sep6.FirstTestNGclass"/>
  <testcase name="pbanking" time="6.064" classname="sep6.FirstTestNGclass"/>
</testsuite> <!-- EswarTestNG1 -->
