<?xml version="1.0" encoding="UTF-8"?>
<testng-results skipped="0" failed="1" total="3" passed="2">
  <reporter-output>
  </reporter-output>
  <suite name="Default suite" duration-ms="32995" started-at="2022-09-13T11:01:26Z" finished-at="2022-09-13T11:01:59Z">
    <groups>
    </groups>
    <test name="Default test" duration-ms="32995" started-at="2022-09-13T11:01:26Z" finished-at="2022-09-13T11:01:59Z">
      <class name="sep8.ProjectHRM">
        <test-method status="PASS" signature="setUp()[pri:0, instance:sep8.ProjectHRM@396a51ab]" name="setUp" is-config="true" duration-ms="5822" started-at="2022-09-13T16:31:20Z" finished-at="2022-09-13T16:31:26Z">
          <reporter-output>
          </reporter-output>
        </test-method> <!-- setUp -->
        <test-method status="FAIL" signature="hrm()[pri:0, instance:sep8.ProjectHRM@396a51ab]" name="hrm" duration-ms="8" started-at="2022-09-13T16:31:26Z" finished-at="2022-09-13T16:31:26Z">
          <exception class="java.lang.IllegalArgumentException">
            <message>
              <![CDATA[Cannot find elements when the XPath is null.]]>
            </message>
            <full-stacktrace>
              <![CDATA[java.lang.IllegalArgumentException: Cannot find elements when the XPath is null.
	at org.openqa.selenium.By$ByXPath.<init>(By.java:339)
	at org.openqa.selenium.By.xpath(By.java:92)
	at sep8.ProjectHRM.hrm(ProjectHRM.java:80)
	at sun.reflect.NativeMethodAccessorImpl.invoke0(Native Method)
	at sun.reflect.NativeMethodAccessorImpl.invoke(Unknown Source)
	at sun.reflect.DelegatingMethodAccessorImpl.invoke(Unknown Source)
	at java.lang.reflect.Method.invoke(Unknown Source)
	at org.testng.internal.MethodInvocationHelper.invokeMethod(MethodInvocationHelper.java:86)
	at org.testng.internal.Invoker.invokeMethod(Invoker.java:646)
	at org.testng.internal.Invoker.invokeTestMethod(Invoker.java:823)
	at org.testng.internal.Invoker.invokeTestMethods(Invoker.java:1131)
	at org.testng.internal.TestMethodWorker.invokeTestMethods(TestMethodWorker.java:129)
	at org.testng.internal.TestMethodWorker.run(TestMethodWorker.java:112)
	at org.testng.TestRunner.privateRun(TestRunner.java:778)
	at org.testng.TestRunner.run(TestRunner.java:632)
	at org.testng.SuiteRunner.runTest(SuiteRunner.java:366)
	at org.testng.SuiteRunner.runSequentially(SuiteRunner.java:361)
	at org.testng.SuiteRunner.privateRun(SuiteRunner.java:319)
	at org.testng.SuiteRunner.run(SuiteRunner.java:268)
	at org.testng.SuiteRunnerWorker.runSuite(SuiteRunnerWorker.java:52)
	at org.testng.SuiteRunnerWorker.run(SuiteRunnerWorker.java:86)
	at org.testng.TestNG.runSuitesSequentially(TestNG.java:1225)
	at org.testng.TestNG.runSuitesLocally(TestNG.java:1150)
	at org.testng.TestNG.runSuites(TestNG.java:1075)
	at org.testng.TestNG.run(TestNG.java:1047)
	at org.testng.remote.AbstractRemoteTestNG.run(AbstractRemoteTestNG.java:126)
	at org.testng.remote.RemoteTestNG.initAndRun(RemoteTestNG.java:137)
	at org.testng.remote.RemoteTestNG.main(RemoteTestNG.java:58)
]]>
            </full-stacktrace>
          </exception> <!-- java.lang.IllegalArgumentException -->
          <reporter-output>
          </reporter-output>
        </test-method> <!-- hrm -->
        <test-method status="PASS" signature="login()[pri:0, instance:sep8.ProjectHRM@396a51ab]" name="login" duration-ms="7360" started-at="2022-09-13T16:31:26Z" finished-at="2022-09-13T16:31:33Z">
          <reporter-output>
          </reporter-output>
        </test-method> <!-- login -->
        <test-method status="PASS" signature="user()[pri:0, instance:sep8.ProjectHRM@396a51ab]" name="user" duration-ms="25375" started-at="2022-09-13T16:31:33Z" finished-at="2022-09-13T16:31:58Z">
          <reporter-output>
          </reporter-output>
        </test-method> <!-- user -->
        <test-method status="PASS" signature="teardown()[pri:0, instance:sep8.ProjectHRM@396a51ab]" name="teardown" is-config="true" duration-ms="232" started-at="2022-09-13T16:31:58Z" finished-at="2022-09-13T16:31:59Z">
          <reporter-output>
          </reporter-output>
        </test-method> <!-- teardown -->
      </class> <!-- sep8.ProjectHRM -->
    </test> <!-- Default test -->
  </suite> <!-- Default suite -->
</testng-results>
